2019-01-28 15:03:17,964 - log/train5.log - INFO - num_chars      :	4412
2019-01-28 15:03:17,964 - log/train5.log - INFO - char_dim       :	100
2019-01-28 15:03:17,964 - log/train5.log - INFO - num_tags       :	13
2019-01-28 15:03:17,964 - log/train5.log - INFO - seg_dim        :	20
2019-01-28 15:03:17,964 - log/train5.log - INFO - lstm_dim       :	100
2019-01-28 15:03:17,965 - log/train5.log - INFO - batch_size     :	20.0
2019-01-28 15:03:17,965 - log/train5.log - INFO - emb_file       :	wiki_100.utf8
2019-01-28 15:03:17,965 - log/train5.log - INFO - clip           :	5.0
2019-01-28 15:03:17,965 - log/train5.log - INFO - dropout_keep   :	0.5
2019-01-28 15:03:17,965 - log/train5.log - INFO - optimizer      :	adam
2019-01-28 15:03:17,965 - log/train5.log - INFO - lr             :	0.001
2019-01-28 15:03:17,965 - log/train5.log - INFO - tag_schema     :	iobes
2019-01-28 15:03:17,965 - log/train5.log - INFO - pre_emb        :	True
2019-01-28 15:03:17,965 - log/train5.log - INFO - zeros          :	False
2019-01-28 15:03:17,965 - log/train5.log - INFO - lower          :	True
2019-01-28 15:03:20,303 - log/train5.log - INFO - Reading model parameters from ckpt5/ner1.ckpt
2019-01-28 15:43:56,727 - log/train5.log - INFO - num_chars      :	4412
2019-01-28 15:43:56,727 - log/train5.log - INFO - char_dim       :	100
2019-01-28 15:43:56,728 - log/train5.log - INFO - num_tags       :	13
2019-01-28 15:43:56,728 - log/train5.log - INFO - seg_dim        :	20
2019-01-28 15:43:56,728 - log/train5.log - INFO - lstm_dim       :	100
2019-01-28 15:43:56,728 - log/train5.log - INFO - batch_size     :	20.0
2019-01-28 15:43:56,728 - log/train5.log - INFO - emb_file       :	wiki_100.utf8
2019-01-28 15:43:56,728 - log/train5.log - INFO - clip           :	5.0
2019-01-28 15:43:56,728 - log/train5.log - INFO - dropout_keep   :	0.5
2019-01-28 15:43:56,728 - log/train5.log - INFO - optimizer      :	adam
2019-01-28 15:43:56,728 - log/train5.log - INFO - lr             :	0.001
2019-01-28 15:43:56,728 - log/train5.log - INFO - tag_schema     :	iobes
2019-01-28 15:43:56,728 - log/train5.log - INFO - pre_emb        :	True
2019-01-28 15:43:56,728 - log/train5.log - INFO - zeros          :	False
2019-01-28 15:43:56,729 - log/train5.log - INFO - lower          :	True
2019-01-28 15:43:59,145 - log/train5.log - INFO - Reading model parameters from ckpt5/ner1.ckpt
2019-01-28 15:43:59,250 - log/train5.log - INFO - start training
2019-01-28 15:44:01,623 - log/train5.log - INFO - iteration:18 step:41/3827, NER loss:88.547058
2019-01-28 15:44:04,119 - log/train5.log - INFO - iteration:18 step:141/3827, NER loss:77.653542
2019-01-28 15:44:07,005 - log/train5.log - INFO - iteration:18 step:241/3827, NER loss:87.474297
